  imgui_impl_sdl.cpp
F:\Projects\Programming\Virtual_Worlds_Proj\Virtual_Worlds_IMGUI\Virtual_Worlds\Universal\imGuIZMO_quat\example\src\libs\ImGui\imgui_impl_sdl.cpp(54,10): fatal error C1083: Cannot open include file: 'SDL.h': No such file or directory
  glslProgramObject.cpp
  glslShaderObject.cpp
  glApp.cpp
F:\Projects\Programming\Virtual_Worlds_Proj\Virtual_Worlds_IMGUI\Virtual_Worlds\Universal\imGuIZMO_quat\example\src\glApp.h(26,14): fatal error C1083: Cannot open include file: 'SDL2/SDL.h': No such file or directory
  glWindow.cpp
F:\Projects\Programming\Virtual_Worlds_Proj\Virtual_Worlds_IMGUI\Virtual_Worlds\Universal\imGuIZMO_quat\example\src\glApp.h(26,14): fatal error C1083: Cannot open include file: 'SDL2/SDL.h': No such file or directory
  imgui.cpp
  imgui_demo.cpp
  imgui_draw.cpp
  imgui_impl_opengl3.cpp
  imgui_widgets.cpp
  qJulia.cpp
F:\Projects\Programming\Virtual_Worlds_Proj\Virtual_Worlds_IMGUI\Virtual_Worlds\Universal\imGuIZMO_quat\example\src\glApp.h(26,14): fatal error C1083: Cannot open include file: 'SDL2/SDL.h': No such file or directory
  imGuIZMOquat.cpp
  uiMainDlg.cpp
F:\Projects\Programming\Virtual_Worlds_Proj\Virtual_Worlds_IMGUI\Virtual_Worlds\Universal\imGuIZMO_quat\example\src\glApp.h(26,14): fatal error C1083: Cannot open include file: 'SDL2/SDL.h': No such file or directory
  uiSettings.cpp
F:\Projects\Programming\Virtual_Worlds_Proj\Virtual_Worlds_IMGUI\Virtual_Worlds\Universal\imGuIZMO_quat\example\src\glApp.h(26,14): fatal error C1083: Cannot open include file: 'SDL2/SDL.h': No such file or directory
  Generating Code...
